<?xml version="1.0" encoding="UTF-8"?>
<testng-results ignored="0" total="2" passed="2" failed="0" skipped="0">
  <reporter-output>
  </reporter-output>
  <suite started-at="2023-06-05T07:45:39 IST" name="Default suite" finished-at="2023-06-05T07:46:17 IST" duration-ms="37642">
    <groups>
    </groups>
    <test started-at="2023-06-05T07:45:39 IST" name="Default test" finished-at="2023-06-05T07:46:17 IST" duration-ms="37642">
      <class name="loanbookforsale.qa.test.SignInTest">
        <test-method is-config="true" signature="setup()[pri:0, instance:loanbookforsale.qa.test.SignInTest@4efac082]" started-at="2023-06-05T07:45:39 IST" name="setup" finished-at="2023-06-05T07:45:57 IST" duration-ms="17259" status="PASS">
          <reporter-output>
          </reporter-output>
        </test-method> <!-- setup -->
        <test-method signature="signInPageTitleTest()[pri:1, instance:loanbookforsale.qa.test.SignInTest@4efac082]" started-at="2023-06-05T07:45:57 IST" name="signInPageTitleTest" finished-at="2023-06-05T07:45:57 IST" duration-ms="124" status="PASS">
          <reporter-output>
          </reporter-output>
        </test-method> <!-- signInPageTitleTest -->
        <test-method is-config="true" signature="tearDown()[pri:0, instance:loanbookforsale.qa.test.SignInTest@4efac082]" started-at="2023-06-05T07:45:57 IST" name="tearDown" finished-at="2023-06-05T07:45:58 IST" duration-ms="908" status="PASS">
          <reporter-output>
          </reporter-output>
        </test-method> <!-- tearDown -->
        <test-method is-config="true" signature="setup()[pri:0, instance:loanbookforsale.qa.test.SignInTest@4efac082]" started-at="2023-06-05T07:45:58 IST" name="setup" finished-at="2023-06-05T07:46:11 IST" duration-ms="13793" status="PASS">
          <reporter-output>
          </reporter-output>
        </test-method> <!-- setup -->
        <test-method signature="loginTest()[pri:2, instance:loanbookforsale.qa.test.SignInTest@4efac082]" started-at="2023-06-05T07:46:11 IST" name="loginTest" finished-at="2023-06-05T07:46:16 IST" duration-ms="4192" status="PASS">
          <reporter-output>
          </reporter-output>
        </test-method> <!-- loginTest -->
        <test-method is-config="true" signature="tearDown()[pri:0, instance:loanbookforsale.qa.test.SignInTest@4efac082]" started-at="2023-06-05T07:46:16 IST" name="tearDown" finished-at="2023-06-05T07:46:17 IST" duration-ms="1265" status="PASS">
          <reporter-output>
          </reporter-output>
        </test-method> <!-- tearDown -->
      </class> <!-- loanbookforsale.qa.test.SignInTest -->
    </test> <!-- Default test -->
  </suite> <!-- Default suite -->
</testng-results>
