<?xml version="1.0" encoding="UTF-8"?>
<!-- Generated by org.testng.reporters.JUnitXMLReporter -->
<testsuite ignored="0" hostname="DESKTOP-CSACNBT" failures="0" tests="3" name="Default test" time="83.942" errors="0" timestamp="2023-06-17T08:44:28 IST">
  <testcase classname="loanbookforsale.qa.test.SignInTest" name="afterLoginUsrNameTest" time="4.963"/>
  <testcase classname="loanbookforsale.qa.test.SignInTest" name="signInPageTitleTest" time="0.043"/>
  <testcase classname="loanbookforsale.qa.test.SignInTest" name="loginTest" time="2.769"/>
</testsuite> <!-- Default test -->
